[debug] ----------------------------------------------------------------------
[debug] Command:      /usr/local/Cellar/node/5.10.1/bin/node /usr/local/bin/firebase deploy
[debug] CLI Version:  3.0.6
[debug] Platform:     darwin
[debug] Node Version: v5.10.1
[debug] Time:         Sun Sep 11 2016 18:28:37 GMT-0400 (EDT)
[debug] ----------------------------------------------------------------------
[debug] 
[debug] > command requires scopes: ["email","openid","https://www.googleapis.com/auth/cloudplatformprojects.readonly","https://www.googleapis.com/auth/firebase"]
[debug] > refreshing access token with scopes: ["email","https://www.googleapis.com/auth/cloudplatformprojects.readonly","https://www.googleapis.com/auth/firebase","openid"]
[debug] >>> HTTP REQUEST POST https://www.googleapis.com/oauth2/v3/token
[debug] <<< HTTP RESPONSE 200
[debug] >>> HTTP REQUEST GET https://admin.firebase.com/v1/projects/finalproject-57f8c 
[debug] <<< HTTP RESPONSE 200
[debug] >>> HTTP REQUEST GET https://admin.firebase.com/v1/database/finalproject-57f8c/tokens 
[debug] <<< HTTP RESPONSE 200
[info] 
[info] === Deploying to 'finalproject-57f8c'...
[info] 
[info] i  deploying hosting
[info] ✔  database: rules ready to deploy.
[info] i  hosting: preparing public directory for upload...
[debug] >>> HTTP REQUEST PUT https://deploy.firebase.com/v1/hosting/finalproject-57f8c/uploads/-KRQMTVqpJDeOD8bcsZV?fileCount=40&message= 
